<?xml version="1.0" encoding="UTF-8"?>
<!-- Generated by org.testng.reporters.JUnitReportReporter -->
<testsuite skipped="0" hostname="ValuedCustomer" name="com.herokuapp.theinternet.flightSearch" tests="2" failures="0" timestamp="19 Mar 2019 23:36:31 GMT" time="107.183" errors="0">
  <testcase name="flightSearches" time="54.682" classname="com.herokuapp.theinternet.flightSearch"/>
  <testcase name="flightSearches" time="52.501" classname="com.herokuapp.theinternet.flightSearch"/>
</testsuite> <!-- com.herokuapp.theinternet.flightSearch -->
