<?xml version="1.0" encoding="UTF-8"?>
<!-- Generated by org.testng.reporters.JUnitReportReporter -->
<testsuite skipped="0" hostname="ValuedCustomer" name="com.herokuapp.theinternet.NegativeTests" tests="1" failures="0" timestamp="14 Mar 2019 20:12:09 GMT" time="19.337" errors="0">
  <testcase name="incorrectUsernameTest" time="19.337" classname="com.herokuapp.theinternet.NegativeTests"/>
</testsuite> <!-- com.herokuapp.theinternet.NegativeTests -->
