<?xml version="1.0" encoding="UTF-8"?>
<!-- Generated by org.testng.reporters.JUnitReportReporter -->
<testsuite skipped="0" hostname="ValuedCustomer" name="com.herokuapp.theinternet.KittyIpsum" tests="1" failures="0" timestamp="14 Mar 2019 20:12:09 GMT" time="41.255" errors="0">
  <testcase name="getKittyIpsum" time="41.255" classname="com.herokuapp.theinternet.KittyIpsum"/>
</testsuite> <!-- com.herokuapp.theinternet.KittyIpsum -->
