<?xml version="1.0" encoding="UTF-8"?>
<!-- Generated by org.testng.reporters.JUnitReportReporter -->
<testsuite skipped="0" hostname="ValuedCustomer" name="com.herokuapp.theinternet.PositiveTests" tests="1" failures="0" timestamp="14 Mar 2019 18:46:57 GMT" time="30.009" errors="0">
  <testcase name="loginTest" time="30.009" classname="com.herokuapp.theinternet.PositiveTests"/>
</testsuite> <!-- com.herokuapp.theinternet.PositiveTests -->
