<?xml version="1.0" encoding="UTF-8"?>
<!-- Generated by org.testng.reporters.JUnitReportReporter -->
<testsuite skipped="0" hostname="ValuedCustomer" name="com.herokuapp.theinternet.PosAndNegativeTests" tests="2" failures="0" timestamp="14 Mar 2019 20:57:37 GMT" time="38.840" errors="0">
  <testcase name="incorrectPasswordTest" time="21.723" classname="com.herokuapp.theinternet.PosAndNegativeTests"/>
  <testcase name="incorrectUsernameTest" time="17.117" classname="com.herokuapp.theinternet.PosAndNegativeTests"/>
</testsuite> <!-- com.herokuapp.theinternet.PosAndNegativeTests -->
