<?xml version="1.0" encoding="UTF-8"?>
<!-- Generated by org.testng.reporters.JUnitReportReporter -->
<testsuite skipped="0" hostname="ValuedCustomer" name="com.herokuapp.theinternet.NegativeTests" tests="2" failures="0" timestamp="19 Mar 2019 21:57:18 GMT" time="42.768" errors="0">
  <testcase name="NegativeTest" time="14.233" classname="com.herokuapp.theinternet.NegativeTests"/>
  <testcase name="NegativeTest" time="28.535" classname="com.herokuapp.theinternet.NegativeTests"/>
</testsuite> <!-- com.herokuapp.theinternet.NegativeTests -->
