<?xml version="1.0" encoding="UTF-8"?>
<!-- Generated by org.testng.reporters.JUnitReportReporter -->
<testsuite skipped="0" hostname="ValuedCustomer" name="com.herokuapp.theinternet.PosAndNegativeTests" tests="2" failures="0" timestamp="16 Mar 2019 17:38:19 GMT" time="41.622" errors="0">
  <testcase name="incorrectPasswordTest" time="25.161" classname="com.herokuapp.theinternet.PosAndNegativeTests"/>
  <testcase name="incorrectUsernameTest" time="16.461" classname="com.herokuapp.theinternet.PosAndNegativeTests"/>
</testsuite> <!-- com.herokuapp.theinternet.PosAndNegativeTests -->
