<?xml version="1.0" encoding="UTF-8"?>
<!-- Generated by org.testng.reporters.JUnitReportReporter -->
<testsuite skipped="0" hostname="ValuedCustomer" name="com.herokuapp.theinternet.PositiveTests" tests="1" failures="0" timestamp="14 Mar 2019 18:55:08 GMT" time="30.925" errors="0">
  <testcase name="loginTest" time="30.925" classname="com.herokuapp.theinternet.PositiveTests"/>
</testsuite> <!-- com.herokuapp.theinternet.PositiveTests -->
