<?xml version="1.0" encoding="UTF-8"?>
<!-- Generated by org.testng.reporters.JUnitReportReporter -->
<testsuite skipped="0" hostname="ValuedCustomer" name="com.herokuapp.theinternet.PositiveTests" tests="1" failures="0" timestamp="24 Feb 2019 06:20:10 GMT" time="22.163" errors="0">
  <testcase name="loginTest" time="22.163" classname="com.herokuapp.theinternet.PositiveTests"/>
</testsuite> <!-- com.herokuapp.theinternet.PositiveTests -->
